{"name":"1727999198","hostname":"MARIOs-MacBook-Air.local","pid":7974,"level":20,"msg":"Sync server version: 1.3.8 2022-02-25 10:58:11 -0600 50659ecda06a8b79a41f24c1fdff05187324402b","time":"2024-10-03T23:46:38.383Z","v":0}
{"name":"1727999198","hostname":"MARIOs-MacBook-Air.local","pid":7974,"level":30,"msg":"Acquiring actors for session 1727999198: ACTOR1","time":"2024-10-03T23:46:38.388Z","v":0}
{"name":"1727999198","hostname":"MARIOs-MacBook-Air.local","pid":7974,"level":30,"msg":"Session 1727999198 with label \"webos\" started at 2024-10-03 23:46:38 UTC","time":"2024-10-03T23:46:38.411Z","v":0}
{"name":"1727999198","hostname":"MARIOs-MacBook-Air.local","pid":7974,"level":30,"actorType":"ACTOR1","actorId":"52391","time":"2024-10-03T23:46:41.815Z","msg":"Actor 52391 of type ACTOR1 was acquired by test session 1727999198","v":0}
{"name":"1727999198","hostname":"MARIOs-MacBook-Air.local","pid":7974,"level":20,"actorType":"ACTOR1","actorId":"52391","time":"2024-10-03T23:46:41.82Z","msg":"DEBUG: Test actor JAR versions:","v":0}
{"name":"1727999198","hostname":"MARIOs-MacBook-Air.local","pid":7974,"level":20,"actorType":"ACTOR1","actorId":"52391","time":"2024-10-03T23:46:41.822Z","msg":"DEBUG:   opentest-appium-0.0.1.jar: 2022-02-25 10:58 -0600 0.0.1-50659ecda06a8b79a41f24c1fdff05187324402b-dirty","v":0}
{"name":"1727999198","hostname":"MARIOs-MacBook-Air.local","pid":7974,"level":20,"actorType":"ACTOR1","actorId":"52391","time":"2024-10-03T23:46:41.822Z","msg":"DEBUG:   opentest-base-0.0.1.jar: 2022-02-25 10:58 -0600 0.0.1-50659ecda06a8b79a41f24c1fdff05187324402b-dirty","v":0}
{"name":"1727999198","hostname":"MARIOs-MacBook-Air.local","pid":7974,"level":20,"actorType":"ACTOR1","actorId":"52391","time":"2024-10-03T23:46:41.823Z","msg":"DEBUG:   opentest-selenium-0.0.1.jar: 2022-02-25 10:58 -0600 0.0.1-50659ecda06a8b79a41f24c1fdff05187324402b-dirty","v":0}
{"name":"1727999198","hostname":"MARIOs-MacBook-Air.local","pid":7974,"level":40,"actorType":"ACTOR1","actorId":"52391","time":"2024-10-03T23:46:41.823Z","msg":"WARN: Failed to log extension JARs","v":0}
{"name":"1727999198","hostname":"MARIOs-MacBook-Air.local","pid":7974,"level":10,"actorType":"ACTOR1","actorId":"52391","time":"2024-10-03T23:46:41.824Z","msg":"TRACE: Firing SESSION_STARTED event...","v":0}
{"name":"1727999198","hostname":"MARIOs-MacBook-Air.local","pid":7974,"level":30,"actorType":"ACTOR1","actorId":"52391","time":"2024-10-03T23:46:41.906Z","msg":"==================== ACTOR1: web/Verify GitHub repos have non-empty wiki [1] ====================","v":0}
{"name":"1727999198","hostname":"MARIOs-MacBook-Air.local","pid":7974,"level":30,"actorType":"ACTOR1","actorId":"52391","time":"2024-10-03T23:46:41.906Z","msg":"Actor ACTOR1 started executing test web/Verify GitHub repos have non-empty wiki [1]...","v":0}
{"name":"1727999198","hostname":"MARIOs-MacBook-Air.local","pid":7974,"level":30,"actorType":"ACTOR1","actorId":"52391","time":"2024-10-03T23:46:41.91Z","msg":"Using data record 1 of 2: \"facebook/react\"","v":0}
{"name":"1727999198","hostname":"MARIOs-MacBook-Air.local","pid":7974,"level":10,"actorType":"ACTOR1","actorId":"52391","time":"2024-10-03T23:46:41.91Z","msg":"TRACE: Firing TEST_STARTED event...","v":0}
{"name":"1727999198","hostname":"MARIOs-MacBook-Air.local","pid":7974,"level":30,"actorType":"ACTOR1","actorId":"52391","time":"2024-10-03T23:46:42.006Z","msg":"Executing segment 1 of test web/Verify GitHub repos have non-empty wiki...","v":0}
{"name":"1727999198","hostname":"MARIOs-MacBook-Air.local","pid":7974,"level":30,"actorType":"ACTOR1","actorId":"52391","time":"2024-10-03T23:46:42.006Z","msg":"Evaluating action 1/1 (github.AssertRepoHasNonEmptyWiki) in segment 1...","v":0}
{"name":"1727999198","hostname":"MARIOs-MacBook-Air.local","pid":7974,"level":30,"actorType":"ACTOR1","actorId":"52391","time":"2024-10-03T23:46:42.055Z","msg":"Executing macro github/AssertRepoHasNonEmptyWiki with arguments {\"repo\":\"facebook/react\"}...","v":0}
{"name":"1727999198","hostname":"MARIOs-MacBook-Air.local","pid":7974,"level":30,"actorType":"ACTOR1","actorId":"52391","time":"2024-10-03T23:46:42.055Z","msg":"Evaluating action 1/5 in macro github/AssertRepoHasNonEmptyWiki (Navigate to the wiki page)...","v":0}
{"name":"1727999198","hostname":"MARIOs-MacBook-Air.local","pid":7974,"level":10,"actorType":"ACTOR1","actorId":"52391","time":"2024-10-03T23:46:42.151Z","msg":"TRACE: Initializing action org.getopentest.selenium.NavigateTo...","v":0}
{"name":"1727999198","hostname":"MARIOs-MacBook-Air.local","pid":7974,"level":30,"actorType":"ACTOR1","actorId":"52391","time":"2024-10-03T23:46:42.152Z","msg":"Using local Selenium server","v":0}
{"name":"1727999198","hostname":"MARIOs-MacBook-Air.local","pid":7974,"level":30,"actorType":"ACTOR1","actorId":"52391","time":"2024-10-03T23:46:43.435Z","msg":"Executing action org.getopentest.selenium.NavigateTo with arguments {\"url\":\"https://github.com/facebook/react/wiki\"}...","v":0}
{"name":"1727999198","hostname":"MARIOs-MacBook-Air.local","pid":7974,"level":30,"actorType":"ACTOR1","actorId":"52391","time":"2024-10-03T23:46:44.566Z","msg":"Evaluating action 2/5 in macro github/AssertRepoHasNonEmptyWiki (Verify there is no button that says \"Create the first page\")...","v":0}
{"name":"1727999198","hostname":"MARIOs-MacBook-Air.local","pid":7974,"level":10,"actorType":"ACTOR1","actorId":"52391","time":"2024-10-03T23:46:44.569Z","msg":"TRACE: Initializing action org.getopentest.selenium.AssertElementNotVisible...","v":0}
{"name":"1727999198","hostname":"MARIOs-MacBook-Air.local","pid":7974,"level":30,"actorType":"ACTOR1","actorId":"52391","time":"2024-10-03T23:46:44.571Z","msg":"Executing action org.getopentest.selenium.AssertElementNotVisible with arguments {\"locator\":{\"xpath\":\"//a[contains(text(), 'Create the first page')]\"}}...","v":0}
{"name":"1727999198","hostname":"MARIOs-MacBook-Air.local","pid":7974,"level":30,"actorType":"ACTOR1","actorId":"52391","time":"2024-10-03T23:46:44.966Z","msg":"Evaluating action 3/5 in macro github/AssertRepoHasNonEmptyWiki (Read the URL of the current page)...","v":0}
{"name":"1727999198","hostname":"MARIOs-MacBook-Air.local","pid":7974,"level":10,"actorType":"ACTOR1","actorId":"52391","time":"2024-10-03T23:46:44.969Z","msg":"TRACE: Initializing action org.getopentest.selenium.ReadCurrentUrl...","v":0}
{"name":"1727999198","hostname":"MARIOs-MacBook-Air.local","pid":7974,"level":30,"actorType":"ACTOR1","actorId":"52391","time":"2024-10-03T23:46:44.97Z","msg":"Executing action org.getopentest.selenium.ReadCurrentUrl with arguments {\"$localData\":{\"wikiPageUrl\":\"$output.url\"}}...","v":0}
{"name":"1727999198","hostname":"MARIOs-MacBook-Air.local","pid":7974,"level":20,"actorType":"ACTOR1","actorId":"52391","time":"2024-10-03T23:46:44.993Z","msg":"DEBUG: The output values from action org.getopentest.selenium.ReadCurrentUrl were: \n\t>>>>> defaultPort = 443\n\t>>>>> path = \"/facebook/react/wiki\"\n\t>>>>> userInfo = null\n\t>>>>> protocol = \"https\"\n\t>>>>> file = \"/facebook/react/wiki\"\n\t>>>>> port = null\n\t>>>>> anchor = null\n\t>>>>> authority = \"github.com\"\n\t>>>>> query = null\n\t>>>>> host = \"github.com\"\n\t>>>>> url = \"https://github.com/facebook/react/wiki\"","v":0}
{"name":"1727999198","hostname":"MARIOs-MacBook-Air.local","pid":7974,"level":20,"actorType":"ACTOR1","actorId":"52391","time":"2024-10-03T23:46:45.005Z","msg":"DEBUG: Published local data: {\"wikiPageUrl\":\"https://github.com/facebook/react/wiki\"}","v":0}
{"name":"1727999198","hostname":"MARIOs-MacBook-Air.local","pid":7974,"level":30,"actorType":"ACTOR1","actorId":"52391","time":"2024-10-03T23:46:45.006Z","msg":"Evaluating action 4/5 in macro github/AssertRepoHasNonEmptyWiki (Verify that we are at the wiki URL)...","v":0}
{"name":"1727999198","hostname":"MARIOs-MacBook-Air.local","pid":7974,"level":10,"actorType":"ACTOR1","actorId":"52391","time":"2024-10-03T23:46:45.006Z","msg":"TRACE: Initializing action org.getopentest.base.ScriptAction...","v":0}
{"name":"1727999198","hostname":"MARIOs-MacBook-Air.local","pid":7974,"level":30,"actorType":"ACTOR1","actorId":"52391","time":"2024-10-03T23:46:45.006Z","msg":"Executing action org.getopentest.base.ScriptAction (no arguments were provided)...","v":0}
{"name":"1727999198","hostname":"MARIOs-MacBook-Air.local","pid":7974,"level":30,"actorType":"ACTOR1","actorId":"52391","time":"2024-10-03T23:46:45.033Z","msg":"Evaluating action 5/5 in macro github/AssertRepoHasNonEmptyWiki (Verify there is no button that says \"Create the first page\")...","v":0}
{"name":"1727999198","hostname":"MARIOs-MacBook-Air.local","pid":7974,"level":10,"actorType":"ACTOR1","actorId":"52391","time":"2024-10-03T23:46:45.033Z","msg":"TRACE: Initializing action org.getopentest.selenium.AssertElementNotVisible...","v":0}
{"name":"1727999198","hostname":"MARIOs-MacBook-Air.local","pid":7974,"level":30,"actorType":"ACTOR1","actorId":"52391","time":"2024-10-03T23:46:45.074Z","msg":"Executing action org.getopentest.selenium.AssertElementNotVisible with arguments {\"locator\":{\"xpath\":\"//a[contains(text(), 'Create the first page')]\"}}...","v":0}
{"name":"1727999198","hostname":"MARIOs-MacBook-Air.local","pid":7974,"level":10,"actorType":"ACTOR1","actorId":"52391","time":"2024-10-03T23:46:45.777Z","msg":"TRACE: Firing TEST_COMPLETED event...","v":0}
{"name":"1727999198","hostname":"MARIOs-MacBook-Air.local","pid":7974,"level":30,"actorType":"ACTOR1","actorId":"52391","time":"2024-10-03T23:46:45.967Z","msg":"==================== ACTOR1: web/Verify GitHub repos have non-empty wiki [2] ====================","v":0}
{"name":"1727999198","hostname":"MARIOs-MacBook-Air.local","pid":7974,"level":30,"actorType":"ACTOR1","actorId":"52391","time":"2024-10-03T23:46:45.967Z","msg":"Actor ACTOR1 started executing test web/Verify GitHub repos have non-empty wiki [2]...","v":0}
{"name":"1727999198","hostname":"MARIOs-MacBook-Air.local","pid":7974,"level":30,"actorType":"ACTOR1","actorId":"52391","time":"2024-10-03T23:46:45.968Z","msg":"Using data record 2 of 2: \"tesseract-ocr/tesseract\"","v":0}
{"name":"1727999198","hostname":"MARIOs-MacBook-Air.local","pid":7974,"level":10,"actorType":"ACTOR1","actorId":"52391","time":"2024-10-03T23:46:45.969Z","msg":"TRACE: Firing TEST_STARTED event...","v":0}
{"name":"1727999198","hostname":"MARIOs-MacBook-Air.local","pid":7974,"level":30,"actorType":"ACTOR1","actorId":"52391","time":"2024-10-03T23:46:46.078Z","msg":"Executing segment 1 of test web/Verify GitHub repos have non-empty wiki...","v":0}
{"name":"1727999198","hostname":"MARIOs-MacBook-Air.local","pid":7974,"level":30,"actorType":"ACTOR1","actorId":"52391","time":"2024-10-03T23:46:46.083Z","msg":"Evaluating action 1/1 (github.AssertRepoHasNonEmptyWiki) in segment 1...","v":0}
{"name":"1727999198","hostname":"MARIOs-MacBook-Air.local","pid":7974,"level":30,"actorType":"ACTOR1","actorId":"52391","time":"2024-10-03T23:46:46.105Z","msg":"Executing macro github/AssertRepoHasNonEmptyWiki with arguments {\"repo\":\"tesseract-ocr/tesseract\"}...","v":0}
{"name":"1727999198","hostname":"MARIOs-MacBook-Air.local","pid":7974,"level":30,"actorType":"ACTOR1","actorId":"52391","time":"2024-10-03T23:46:46.106Z","msg":"Evaluating action 1/5 in macro github/AssertRepoHasNonEmptyWiki (Navigate to the wiki page)...","v":0}
{"name":"1727999198","hostname":"MARIOs-MacBook-Air.local","pid":7974,"level":10,"actorType":"ACTOR1","actorId":"52391","time":"2024-10-03T23:46:46.142Z","msg":"TRACE: Initializing action org.getopentest.selenium.NavigateTo...","v":0}
{"name":"1727999198","hostname":"MARIOs-MacBook-Air.local","pid":7974,"level":30,"actorType":"ACTOR1","actorId":"52391","time":"2024-10-03T23:46:46.142Z","msg":"Using local Selenium server","v":0}
{"name":"1727999198","hostname":"MARIOs-MacBook-Air.local","pid":7974,"level":30,"actorType":"ACTOR1","actorId":"52391","time":"2024-10-03T23:46:47.213Z","msg":"Executing action org.getopentest.selenium.NavigateTo with arguments {\"url\":\"https://github.com/tesseract-ocr/tesseract/wiki\"}...","v":0}
{"name":"1727999198","hostname":"MARIOs-MacBook-Air.local","pid":7974,"level":30,"actorType":"ACTOR1","actorId":"52391","time":"2024-10-03T23:46:48.37Z","msg":"Evaluating action 2/5 in macro github/AssertRepoHasNonEmptyWiki (Verify there is no button that says \"Create the first page\")...","v":0}
{"name":"1727999198","hostname":"MARIOs-MacBook-Air.local","pid":7974,"level":10,"actorType":"ACTOR1","actorId":"52391","time":"2024-10-03T23:46:48.37Z","msg":"TRACE: Initializing action org.getopentest.selenium.AssertElementNotVisible...","v":0}
{"name":"1727999198","hostname":"MARIOs-MacBook-Air.local","pid":7974,"level":30,"actorType":"ACTOR1","actorId":"52391","time":"2024-10-03T23:46:48.371Z","msg":"Executing action org.getopentest.selenium.AssertElementNotVisible with arguments {\"locator\":{\"xpath\":\"//a[contains(text(), 'Create the first page')]\"}}...","v":0}
{"name":"1727999198","hostname":"MARIOs-MacBook-Air.local","pid":7974,"level":30,"actorType":"ACTOR1","actorId":"52391","time":"2024-10-03T23:46:48.776Z","msg":"Evaluating action 3/5 in macro github/AssertRepoHasNonEmptyWiki (Read the URL of the current page)...","v":0}
{"name":"1727999198","hostname":"MARIOs-MacBook-Air.local","pid":7974,"level":10,"actorType":"ACTOR1","actorId":"52391","time":"2024-10-03T23:46:48.777Z","msg":"TRACE: Initializing action org.getopentest.selenium.ReadCurrentUrl...","v":0}
{"name":"1727999198","hostname":"MARIOs-MacBook-Air.local","pid":7974,"level":30,"actorType":"ACTOR1","actorId":"52391","time":"2024-10-03T23:46:48.777Z","msg":"Executing action org.getopentest.selenium.ReadCurrentUrl with arguments {\"$localData\":{\"wikiPageUrl\":\"$output.url\"}}...","v":0}
{"name":"1727999198","hostname":"MARIOs-MacBook-Air.local","pid":7974,"level":20,"actorType":"ACTOR1","actorId":"52391","time":"2024-10-03T23:46:48.803Z","msg":"DEBUG: The output values from action org.getopentest.selenium.ReadCurrentUrl were: \n\t>>>>> defaultPort = 443\n\t>>>>> path = \"/tesseract-ocr/tesseract/wiki\"\n\t>>>>> userInfo = null\n\t>>>>> protocol = \"https\"\n\t>>>>> file = \"/tesseract-ocr/tesseract/wiki\"\n\t>>>>> port = null\n\t>>>>> anchor = null\n\t>>>>> authority = \"github.com\"\n\t>>>>> query = null\n\t>>>>> host = \"github.com\"\n\t>>>>> url = \"https://github.com/tesseract-ocr/tesseract/wiki\"","v":0}
{"name":"1727999198","hostname":"MARIOs-MacBook-Air.local","pid":7974,"level":20,"actorType":"ACTOR1","actorId":"52391","time":"2024-10-03T23:46:48.807Z","msg":"DEBUG: Published local data: {\"wikiPageUrl\":\"https://github.com/tesseract-ocr/tesseract/wiki\"}","v":0}
{"name":"1727999198","hostname":"MARIOs-MacBook-Air.local","pid":7974,"level":30,"actorType":"ACTOR1","actorId":"52391","time":"2024-10-03T23:46:48.807Z","msg":"Evaluating action 4/5 in macro github/AssertRepoHasNonEmptyWiki (Verify that we are at the wiki URL)...","v":0}
{"name":"1727999198","hostname":"MARIOs-MacBook-Air.local","pid":7974,"level":10,"actorType":"ACTOR1","actorId":"52391","time":"2024-10-03T23:46:48.807Z","msg":"TRACE: Initializing action org.getopentest.base.ScriptAction...","v":0}
{"name":"1727999198","hostname":"MARIOs-MacBook-Air.local","pid":7974,"level":30,"actorType":"ACTOR1","actorId":"52391","time":"2024-10-03T23:46:48.841Z","msg":"Executing action org.getopentest.base.ScriptAction (no arguments were provided)...","v":0}
{"name":"1727999198","hostname":"MARIOs-MacBook-Air.local","pid":7974,"level":30,"actorType":"ACTOR1","actorId":"52391","time":"2024-10-03T23:46:48.852Z","msg":"Evaluating action 5/5 in macro github/AssertRepoHasNonEmptyWiki (Verify there is no button that says \"Create the first page\")...","v":0}
{"name":"1727999198","hostname":"MARIOs-MacBook-Air.local","pid":7974,"level":10,"actorType":"ACTOR1","actorId":"52391","time":"2024-10-03T23:46:48.853Z","msg":"TRACE: Initializing action org.getopentest.selenium.AssertElementNotVisible...","v":0}
{"name":"1727999198","hostname":"MARIOs-MacBook-Air.local","pid":7974,"level":30,"actorType":"ACTOR1","actorId":"52391","time":"2024-10-03T23:46:48.854Z","msg":"Executing action org.getopentest.selenium.AssertElementNotVisible with arguments {\"locator\":{\"xpath\":\"//a[contains(text(), 'Create the first page')]\"}}...","v":0}
{"name":"1727999198","hostname":"MARIOs-MacBook-Air.local","pid":7974,"level":30,"actorType":"ACTOR1","actorId":"52391","time":"2024-10-03T23:46:49.608Z","msg":"Test session has completed","v":0}
{"name":"1727999198","hostname":"MARIOs-MacBook-Air.local","pid":7974,"level":10,"actorType":"ACTOR1","actorId":"52391","time":"2024-10-03T23:46:49.609Z","msg":"TRACE: Firing TEST_COMPLETED event...","v":0}
{"name":"1727999198","hostname":"MARIOs-MacBook-Air.local","pid":7974,"level":10,"actorType":"ACTOR1","actorId":"52391","time":"2024-10-03T23:46:49.71Z","msg":"TRACE: Firing SESSION_COMPLETED event...","v":0}
{"name":"1727999198","hostname":"MARIOs-MacBook-Air.local","pid":7974,"level":30,"actorType":"ACTOR1","actorId":"52391","time":"2024-10-03T23:46:49.71Z","msg":"Actor 52391 of type ACTOR1 with no tags is waiting to be acquired by a test session...","v":0}
